<?xml version="1.0" encoding="UTF-8"?>
<!-- Generated by org.testng.reporters.JUnitReportReporter -->
<testsuite hostname="HO-GDC-SIG64" name="testcases.SanityTest" tests="2" failures="0" timestamp="27 Jun 2020 13:19:33 GMT" time="76.990" errors="0">
  <testcase name="addItemIntoCart" time="68.729" classname="testcases.SanityTest"/>
  <testcase name="sanityTest" time="8.261" classname="testcases.SanityTest"/>
</testsuite> <!-- testcases.SanityTest -->
