<?xml version="1.0" encoding="UTF-8"?>
<!-- Generated by org.testng.reporters.JUnitReportReporter -->
<testsuite hostname="HO-GDC-SIG64" name="testcases.SanityTest" tests="2" failures="0" timestamp="26 Jun 2020 18:23:16 GMT" time="76.139" errors="0">
  <testcase name="addItemIntoCart" time="68.733" classname="testcases.SanityTest"/>
  <testcase name="sanityTest" time="7.406" classname="testcases.SanityTest"/>
</testsuite> <!-- testcases.SanityTest -->
